  duration.cpp
..\..\zed-oculus-master\ros_lib\duration.cpp(75): warning C4244: '*=': conversion from 'double' to 'int32_t', possible loss of data
..\..\zed-oculus-master\ros_lib\duration.cpp(76): warning C4244: '*=': conversion from 'double' to 'int32_t', possible loss of data
  time.cpp
  WindowsSocket.cpp
..\..\zed-oculus-master\ros_lib\WindowsSocket.cpp(136): warning C4267: 'initializing': conversion from 'size_t' to 'int', possible loss of data
  main.cpp
e:\my stuff\oculus-baxter\zed-oculus-master\ros_lib\rosserial_msgs/TopicInfo.h(49): warning C4267: 'initializing': conversion from 'size_t' to 'uint32_t', possible loss of data
e:\my stuff\oculus-baxter\zed-oculus-master\ros_lib\rosserial_msgs/TopicInfo.h(54): warning C4267: 'initializing': conversion from 'size_t' to 'uint32_t', possible loss of data
e:\my stuff\oculus-baxter\zed-oculus-master\ros_lib\rosserial_msgs/TopicInfo.h(59): warning C4267: 'initializing': conversion from 'size_t' to 'uint32_t', possible loss of data
e:\my stuff\oculus-baxter\zed-oculus-master\ros_lib\rosserial_msgs/Log.h(36): warning C4267: 'initializing': conversion from 'size_t' to 'uint32_t', possible loss of data
e:\my stuff\oculus-baxter\zed-oculus-master\ros_lib\rosserial_msgs/RequestParam.h(27): warning C4267: 'initializing': conversion from 'size_t' to 'uint32_t', possible loss of data
e:\my stuff\oculus-baxter\zed-oculus-master\ros_lib\rosserial_msgs/RequestParam.h(121): warning C4267: 'initializing': conversion from 'size_t' to 'uint32_t', possible loss of data
E:\MY STUFF\Oculus-Baxter\zed-oculus-master\ros_lib\std_msgs\String.h(26): warning C4267: 'initializing': conversion from 'size_t' to 'uint32_t', possible loss of data
  RobotState.cpp
e:\my stuff\oculus-baxter\zed-oculus-master\ros_lib\rosserial_msgs/TopicInfo.h(49): warning C4267: 'initializing': conversion from 'size_t' to 'uint32_t', possible loss of data
e:\my stuff\oculus-baxter\zed-oculus-master\ros_lib\rosserial_msgs/TopicInfo.h(54): warning C4267: 'initializing': conversion from 'size_t' to 'uint32_t', possible loss of data
e:\my stuff\oculus-baxter\zed-oculus-master\ros_lib\rosserial_msgs/TopicInfo.h(59): warning C4267: 'initializing': conversion from 'size_t' to 'uint32_t', possible loss of data
e:\my stuff\oculus-baxter\zed-oculus-master\ros_lib\rosserial_msgs/Log.h(36): warning C4267: 'initializing': conversion from 'size_t' to 'uint32_t', possible loss of data
e:\my stuff\oculus-baxter\zed-oculus-master\ros_lib\rosserial_msgs/RequestParam.h(27): warning C4267: 'initializing': conversion from 'size_t' to 'uint32_t', possible loss of data
e:\my stuff\oculus-baxter\zed-oculus-master\ros_lib\rosserial_msgs/RequestParam.h(121): warning C4267: 'initializing': conversion from 'size_t' to 'uint32_t', possible loss of data
E:\MY STUFF\Oculus-Baxter\zed-oculus-master\ros_lib\std_msgs\String.h(26): warning C4267: 'initializing': conversion from 'size_t' to 'uint32_t', possible loss of data
  Generating code
  236 of 236 functions (100.0%) were compiled, the rest were copied from previous compilation.
    1 functions were new in current compilation
    0 functions had inline decision re-evaluated but remain unchanged
  Finished generating code
  Oculus_ROS.vcxproj -> E:\MY STUFF\Oculus-Baxter\Oculus_ROS\x64\Release\Oculus_ROS.exe
  Oculus_ROS.vcxproj -> E:\MY STUFF\Oculus-Baxter\Oculus_ROS\x64\Release\Oculus_ROS.pdb (Full PDB)
