  Building Custom Rule E:/MY STUFF/Oculus-Baxter/zed-oculus-master/zed-oculus-master/CMakeLists.txt
  CMake does not need to re-run because E:/MY STUFF/Oculus-Baxter/zed-oculus-master/zed-oculus-master/build/CMakeFiles/generate.stamp is up-to-date.
cl : Command line warning D9002: ignoring unknown option '-std=c++0x'
  duration.cpp
..\src\duration.cpp(75): warning C4244: '*=': conversion from 'double' to 'int32_t', possible loss of data
..\src\duration.cpp(76): warning C4244: '*=': conversion from 'double' to 'int32_t', possible loss of data
  RobotState.cpp
E:\MY STUFF\Oculus-Baxter\dependencies\ros_lib\rosserial_msgs/TopicInfo.h(49): warning C4267: 'initializing': conversion from 'size_t' to 'uint32_t', possible loss of data
E:\MY STUFF\Oculus-Baxter\dependencies\ros_lib\rosserial_msgs/TopicInfo.h(54): warning C4267: 'initializing': conversion from 'size_t' to 'uint32_t', possible loss of data
E:\MY STUFF\Oculus-Baxter\dependencies\ros_lib\rosserial_msgs/TopicInfo.h(59): warning C4267: 'initializing': conversion from 'size_t' to 'uint32_t', possible loss of data
E:\MY STUFF\Oculus-Baxter\dependencies\ros_lib\rosserial_msgs/Log.h(38): warning C4267: 'initializing': conversion from 'size_t' to 'uint32_t', possible loss of data
E:\MY STUFF\Oculus-Baxter\dependencies\ros_lib\rosserial_msgs/RequestParam.h(27): warning C4267: 'initializing': conversion from 'size_t' to 'uint32_t', possible loss of data
E:\MY STUFF\Oculus-Baxter\dependencies\ros_lib\rosserial_msgs/RequestParam.h(121): warning C4267: 'initializing': conversion from 'size_t' to 'uint32_t', possible loss of data
E:\MY STUFF\Oculus-Baxter\dependencies\ros_lib\std_msgs\String.h(26): warning C4267: 'initializing': conversion from 'size_t' to 'uint32_t', possible loss of data
  time.cpp
  WindowsSocket.cpp
..\src\WindowsSocket.cpp(136): warning C4267: 'initializing': conversion from 'size_t' to 'int', possible loss of data
  Shader.cpp
  main.cpp
e:\my stuff\oculus-baxter\dependencies\ros_lib\rosserial_msgs/TopicInfo.h(49): warning C4267: 'initializing': conversion from 'size_t' to 'uint32_t', possible loss of data
e:\my stuff\oculus-baxter\dependencies\ros_lib\rosserial_msgs/TopicInfo.h(54): warning C4267: 'initializing': conversion from 'size_t' to 'uint32_t', possible loss of data
e:\my stuff\oculus-baxter\dependencies\ros_lib\rosserial_msgs/TopicInfo.h(59): warning C4267: 'initializing': conversion from 'size_t' to 'uint32_t', possible loss of data
e:\my stuff\oculus-baxter\dependencies\ros_lib\rosserial_msgs/Log.h(38): warning C4267: 'initializing': conversion from 'size_t' to 'uint32_t', possible loss of data
e:\my stuff\oculus-baxter\dependencies\ros_lib\rosserial_msgs/RequestParam.h(27): warning C4267: 'initializing': conversion from 'size_t' to 'uint32_t', possible loss of data
e:\my stuff\oculus-baxter\dependencies\ros_lib\rosserial_msgs/RequestParam.h(121): warning C4267: 'initializing': conversion from 'size_t' to 'uint32_t', possible loss of data
E:\MY STUFF\Oculus-Baxter\dependencies\ros_lib\std_msgs\String.h(26): warning C4267: 'initializing': conversion from 'size_t' to 'uint32_t', possible loss of data
E:\MY STUFF\Oculus-Baxter\zed-oculus-master\zed-oculus-master\src\main.cpp(163): warning C4267: 'initializing': conversion from 'size_t' to 'int', possible loss of data
E:\MY STUFF\Oculus-Baxter\zed-oculus-master\zed-oculus-master\src\main.cpp(164): warning C4267: 'initializing': conversion from 'size_t' to 'int', possible loss of data
E:\MY STUFF\Oculus-Baxter\zed-oculus-master\zed-oculus-master\src\main.cpp(298): warning C4244: 'initializing': conversion from 'double' to 'float', possible loss of data
  Generating Code...
  ZED_Oculus_Viewer.vcxproj -> E:\MY STUFF\Oculus-Baxter\zed-oculus-master\zed-oculus-master\build\Release\Oculus_ZED_Baxter.exe
